InnoDB: The first specified data file .\ibdata1 did not exist:
InnoDB: a new database to be created!
240113 16:18:11  InnoDB: Setting file .\ibdata1 size to 10 MB
InnoDB: Database physically writes the file full: wait...
240113 16:18:11  InnoDB: Log file .\ib_logfile0 did not exist: new to be created
InnoDB: Setting log file .\ib_logfile0 size to 10 MB
InnoDB: Database physically writes the file full: wait...
240113 16:18:12  InnoDB: Log file .\ib_logfile1 did not exist: new to be created
InnoDB: Setting log file .\ib_logfile1 size to 10 MB
InnoDB: Database physically writes the file full: wait...
InnoDB: Doublewrite buffer not found: creating new
InnoDB: Doublewrite buffer created
InnoDB: Creating foreign key constraint system tables
InnoDB: Foreign key constraint system tables created
240113 16:18:13  InnoDB: Started; log sequence number 0 0
240113 16:18:14 [Note] wampmysqld: ready for connections.
Version: '5.0.45-community-nt'  socket: ''  port: 3306  MySQL Community Edition (GPL)
240113 16:18:19 [Note] wampmysqld: Normal shutdown

240113 16:18:19  InnoDB: Starting shutdown...
240113 16:18:21  InnoDB: Shutdown completed; log sequence number 0 43655
240113 16:18:21 [Note] wampmysqld: Shutdown complete

